<?xml version="1.0" encoding="UTF-8"?>
<!-- Generated by org.testng.reporters.JUnitReportReporter -->
<testsuite skipped="0" hostname="PRITHVI-DELL" name="runner.MyRunnerClass" tests="5" failures="0" timestamp="17 May 2019 18:49:02 GMT" time="118.961" errors="0">
  <testcase name="runScenario" time="25.429" classname="runner.MyRunnerClass"/>
  <testcase name="runScenario" time="24.903" classname="runner.MyRunnerClass"/>
  <testcase name="runScenario" time="24.546" classname="runner.MyRunnerClass"/>
  <testcase name="runScenario" time="19.061" classname="runner.MyRunnerClass"/>
  <testcase name="runScenario" time="25.022" classname="runner.MyRunnerClass"/>
</testsuite> <!-- runner.MyRunnerClass -->
