<?xml version="1.0" encoding="UTF-8"?>
<!-- Generated by org.testng.reporters.JUnitReportReporter -->
<testsuite skipped="0" hostname="Prithvi-1" name="runner.MyRunnerClass" tests="5" failures="0" timestamp="12 May 2019 18:34:42 GMT" time="61.292" errors="0">
  <testcase name="runScenario" time="12.471" classname="runner.MyRunnerClass"/>
  <testcase name="runScenario" time="12.043" classname="runner.MyRunnerClass"/>
  <testcase name="runScenario" time="12.588" classname="runner.MyRunnerClass"/>
  <testcase name="runScenario" time="12.230" classname="runner.MyRunnerClass"/>
  <testcase name="runScenario" time="11.960" classname="runner.MyRunnerClass"/>
</testsuite> <!-- runner.MyRunnerClass -->
