<?xml version="1.0" encoding="UTF-8"?>
<!-- Generated by org.testng.reporters.JUnitReportReporter -->
<testsuite skipped="0" hostname="Prithvi-1" name="runner.MyRunnerClass" tests="1" failures="0" timestamp="11 May 2019 19:33:53 GMT" time="22.901" errors="0">
  <testcase name="runScenario" time="22.901" classname="runner.MyRunnerClass"/>
</testsuite> <!-- runner.MyRunnerClass -->
