<?xml version="1.0" encoding="UTF-8"?>
<!-- Generated by org.testng.reporters.JUnitReportReporter -->
<testsuite skipped="0" hostname="Prithvi-1" name="runner.MyRunnerClass" tests="1" failures="0" timestamp="04 May 2019 07:20:38 GMT" time="35.381" errors="0">
  <testcase name="runScenario" time="35.381" classname="runner.MyRunnerClass"/>
</testsuite> <!-- runner.MyRunnerClass -->
