<?xml version="1.0" encoding="UTF-8"?>
<!-- Generated by org.testng.reporters.JUnitReportReporter -->
<testsuite skipped="0" hostname="Prithvi-1" name="runner.MyRunnerClass" tests="3" failures="0" timestamp="06 May 2019 18:26:59 GMT" time="57.765" errors="0">
  <testcase name="runScenario" time="26.287" classname="runner.MyRunnerClass"/>
  <testcase name="runScenario" time="14.169" classname="runner.MyRunnerClass"/>
  <testcase name="runScenario" time="17.309" classname="runner.MyRunnerClass"/>
</testsuite> <!-- runner.MyRunnerClass -->
