<?xml version="1.0" encoding="UTF-8"?>
<!-- Generated by org.testng.reporters.JUnitReportReporter -->
<testsuite skipped="0" hostname="PRITHVI-DELL" name="runner.MyRunnerClass" tests="1" failures="0" timestamp="21 May 2019 18:10:16 GMT" time="18.026" errors="0">
  <testcase name="runScenario" time="18.026" classname="runner.MyRunnerClass"/>
</testsuite> <!-- runner.MyRunnerClass -->
