<?xml version="1.0" encoding="UTF-8"?>
<!-- Generated by org.testng.reporters.JUnitReportReporter -->
<testsuite skipped="0" hostname="Prithvi-1" name="runner.MyRunnerClass" tests="1" failures="0" timestamp="05 May 2019 19:16:58 GMT" time="19.720" errors="0">
  <testcase name="runScenario" time="19.720" classname="runner.MyRunnerClass"/>
</testsuite> <!-- runner.MyRunnerClass -->
