<?xml version="1.0" encoding="UTF-8"?>
<!-- Generated by org.testng.reporters.JUnitReportReporter -->
<testsuite skipped="0" hostname="Prithvi-1" name="runner.MyRunnerClass" tests="1" failures="0" timestamp="04 May 2019 06:28:09 GMT" time="17.427" errors="0">
  <testcase name="runScenario" time="17.427" classname="runner.MyRunnerClass"/>
</testsuite> <!-- runner.MyRunnerClass -->
